[NX Daemon Server] - 2025-01-19T01:00:41.617Z - Started listening on: /var/folders/fb/46m6psh92tv1vhgn55_0621h0000gn/T/31e2a2b7efc8ed72c7ec/d.sock
[NX Daemon Server] - 2025-01-19T01:00:41.620Z - [WATCHER]: Subscribed to changes within: /Users/dami/Documents/H3Tag-Core (native)
[NX Daemon Server] - 2025-01-19T01:00:41.622Z - Established a connection. Number of open connections: 1
[NX Daemon Server] - 2025-01-19T01:00:41.623Z - Established a connection. Number of open connections: 2
[NX Daemon Server] - 2025-01-19T01:00:41.623Z - Closed a connection. Number of open connections: 1
[NX Daemon Server] - 2025-01-19T01:00:41.624Z - [REQUEST]: Client Request for Project Graph Received
[NX Daemon Server] - 2025-01-19T01:00:41.628Z - Time taken for 'loadSpecifiedNxPlugins' 0.5096249999999998ms
[NX Daemon Server] - 2025-01-19T01:00:41.679Z - [WATCHER]: Processing file changes in outputs
[NX Daemon Server] - 2025-01-19T01:00:41.736Z - Time taken for 'Load Nx Plugin: /Users/dami/Documents/H3Tag-Core/node_modules/nx/src/plugins/project-json/build-nodes/project-json' 110.94850000000001ms
[NX Daemon Server] - 2025-01-19T01:00:41.737Z - Time taken for 'Load Nx Plugin: /Users/dami/Documents/H3Tag-Core/node_modules/nx/src/plugins/package-json' 111.80783300000002ms
[NX Daemon Server] - 2025-01-19T01:00:41.743Z - [REQUEST]: Updated workspace context based on watched changes, recomputing project graph...
[NX Daemon Server] - 2025-01-19T01:00:41.744Z - [REQUEST]: 
[NX Daemon Server] - 2025-01-19T01:00:41.744Z - [REQUEST]: 
[NX Daemon Server] - 2025-01-19T01:00:41.748Z - Time taken for 'loadDefaultNxPlugins' 118.464541ms
[NX Daemon Server] - 2025-01-19T01:00:42.077Z - Time taken for 'build-project-configs' 315.07675000000006ms
[NX Daemon Server] - 2025-01-19T01:00:42.272Z - [SYNC]: collect registered sync generators
[NX Daemon Server] - 2025-01-19T01:00:42.272Z - [REQUEST]: Responding to the client. project-graph
[NX Daemon Server] - 2025-01-19T01:00:42.272Z - Time taken for 'total for creating and serializing project graph' 647.922833ms
[NX Daemon Server] - 2025-01-19T01:00:42.274Z - Done responding to the client project-graph
[NX Daemon Server] - 2025-01-19T01:00:42.274Z - Handled REQUEST_PROJECT_GRAPH. Handling time: 648. Response time: 2.
[NX Daemon Server] - 2025-01-19T01:00:42.327Z - [REQUEST]: Responding to the client. handleHashTasks
[NX Daemon Server] - 2025-01-19T01:00:42.328Z - Done responding to the client handleHashTasks
[NX Daemon Server] - 2025-01-19T01:00:42.328Z - Handled HASH_TASKS. Handling time: 14. Response time: 1.
[NX Daemon Server] - 2025-01-19T01:00:42.347Z - [REQUEST]: Responding to the client. handleGetEstimatedTaskTimings
[NX Daemon Server] - 2025-01-19T01:00:42.347Z - Done responding to the client handleGetEstimatedTaskTimings
[NX Daemon Server] - 2025-01-19T01:00:42.347Z - Handled GET_ESTIMATED_TASK_TIMINGS. Handling time: 13. Response time: 0.
[NX Daemon Server] - 2025-01-19T01:00:43.563Z - [REQUEST]: Responding to the client. recordOutputsHash
[NX Daemon Server] - 2025-01-19T01:00:43.563Z - Done responding to the client recordOutputsHash
[NX Daemon Server] - 2025-01-19T01:00:43.563Z - Handled RECORD_OUTPUTS_HASH. Handling time: 3. Response time: 0.
[NX Daemon Server] - 2025-01-19T01:00:43.578Z - [WATCHER]: 0 file(s) created or restored, 14 file(s) modified, 0 file(s) deleted
[NX Daemon Server] - 2025-01-19T01:00:43.578Z - [WATCHER]: Processing file changes in outputs
[NX Daemon Server] - 2025-01-19T01:00:43.679Z - [REQUEST]: Updated workspace context based on watched changes, recomputing project graph...
[NX Daemon Server] - 2025-01-19T01:00:43.679Z - [REQUEST]: packages/shared/dist/utils/status-codes.js,packages/shared/dist/utils/status-codes.d.ts,packages/shared/dist/utils/constants.js,packages/shared/dist/utils/config.js,packages/shared/dist/index.d.ts,packages/shared/dist/utils/currency-constants.d.ts,packages/shared/dist/utils/logger.d.ts,packages/shared/dist/utils/config-service.js,packages/shared/dist/utils/config-service.d.ts,packages/shared/dist/index.js,packages/shared/dist/utils/constants.d.ts,packages/shared/dist/utils/logger.js,packages/shared/dist/utils/currency-constants.js,packages/shared/dist/utils/config.d.ts
[NX Daemon Server] - 2025-01-19T01:00:43.679Z - [REQUEST]: 
[NX Daemon Server] - 2025-01-19T01:00:43.681Z - Time taken for 'hash changed files from watcher' 0.7773749999996653ms
[NX Daemon Server] - 2025-01-19T01:00:43.693Z - Time taken for 'build-project-configs' 8.121874999999818ms
[NX Daemon Server] - 2025-01-19T01:00:43.712Z - [SYNC]: collect registered sync generators
[NX Daemon Server] - 2025-01-19T01:00:43.712Z - [SYNC]: project graph hash is the same, not collecting task sync generators
[NX Daemon Server] - 2025-01-19T01:00:43.712Z - [SYNC]: nx.json hash is the same, not collecting global sync generators
[NX Daemon Server] - 2025-01-19T01:00:43.712Z - Time taken for 'total execution time for createProjectGraph()' 15.366541999999754ms
[NX Daemon Server] - 2025-01-19T01:00:44.826Z - [WATCHER]: 0 file(s) created or restored, 12 file(s) modified, 0 file(s) deleted
[NX Daemon Server] - 2025-01-19T01:00:44.826Z - [WATCHER]: Processing file changes in outputs
[NX Daemon Server] - 2025-01-19T01:00:44.857Z - [REQUEST]: Responding to the client. recordOutputsHash
[NX Daemon Server] - 2025-01-19T01:00:44.857Z - Done responding to the client recordOutputsHash
[NX Daemon Server] - 2025-01-19T01:00:44.857Z - Handled RECORD_OUTPUTS_HASH. Handling time: 3. Response time: 0.
[NX Daemon Server] - 2025-01-19T01:00:44.877Z - [WATCHER]: 0 file(s) created or restored, 28 file(s) modified, 0 file(s) deleted
[NX Daemon Server] - 2025-01-19T01:00:44.878Z - [WATCHER]: Processing file changes in outputs
[NX Daemon Server] - 2025-01-19T01:00:45.028Z - [REQUEST]: Updated workspace context based on watched changes, recomputing project graph...
[NX Daemon Server] - 2025-01-19T01:00:45.028Z - [REQUEST]: packages/crypto/dist/quantum/dilithium.js,packages/crypto/dist/native/types.js,packages/crypto/dist/hash.d.ts,packages/crypto/dist/quantum/dilithium.d.ts,packages/crypto/dist/quantum/index.d.ts,packages/crypto/dist/native/quantum.node.js,packages/crypto/dist/native/types.d.ts,packages/crypto/dist/quantum/index.js,packages/crypto/dist/native/quantum.node.d.ts,packages/crypto/dist/quantum/kyber.d.ts,packages/crypto/dist/hash.js,packages/crypto/dist/quantum/kyber.js,packages/crypto/dist/wasm-loader.d.ts,packages/crypto/dist/index.d.ts,packages/crypto/dist/quantum-wrapper.d.ts,packages/crypto/dist/wasm-loader.js,packages/crypto/dist/keys.d.ts,packages/crypto/dist/x509.js,packages/crypto/dist/hybrid.js,packages/crypto/dist/hybrid.d.ts,packages/crypto/dist/x509.d.ts,packages/crypto/dist/simd.js,packages/crypto/dist/index.js,packages/crypto/dist/simd.d.ts,packages/crypto/dist/sha3.d.ts,packages/crypto/dist/quantum-wrapper.js,packages/crypto/dist/keys.js,packages/crypto/dist/sha3.js
[NX Daemon Server] - 2025-01-19T01:00:45.028Z - [REQUEST]: 
[NX Daemon Server] - 2025-01-19T01:00:45.030Z - Time taken for 'hash changed files from watcher' 1.0454580000000533ms
[NX Daemon Server] - 2025-01-19T01:00:45.042Z - Time taken for 'build-project-configs' 9.286750000000211ms
[NX Daemon Server] - 2025-01-19T01:00:45.057Z - [SYNC]: collect registered sync generators
[NX Daemon Server] - 2025-01-19T01:00:45.058Z - [SYNC]: project graph hash is the same, not collecting task sync generators
[NX Daemon Server] - 2025-01-19T01:00:45.058Z - [SYNC]: nx.json hash is the same, not collecting global sync generators
[NX Daemon Server] - 2025-01-19T01:00:45.058Z - Time taken for 'total execution time for createProjectGraph()' 13.030874999999924ms
[NX Daemon Server] - 2025-01-19T01:00:45.422Z - [REQUEST]: Responding to the client. recordOutputsHash
[NX Daemon Server] - 2025-01-19T01:00:45.422Z - Done responding to the client recordOutputsHash
[NX Daemon Server] - 2025-01-19T01:00:45.422Z - Handled RECORD_OUTPUTS_HASH. Handling time: 4. Response time: 0.
[NX Daemon Server] - 2025-01-19T01:00:45.984Z - [REQUEST]: Responding to the client. recordOutputsHash
[NX Daemon Server] - 2025-01-19T01:00:45.984Z - Done responding to the client recordOutputsHash
[NX Daemon Server] - 2025-01-19T01:00:45.984Z - Handled RECORD_OUTPUTS_HASH. Handling time: 2. Response time: 0.
[NX Daemon Server] - 2025-01-19T01:00:47.094Z - [WATCHER]: 0 file(s) created or restored, 20 file(s) modified, 0 file(s) deleted
[NX Daemon Server] - 2025-01-19T01:00:47.094Z - [WATCHER]: Processing file changes in outputs
[NX Daemon Server] - 2025-01-19T01:00:47.101Z - [REQUEST]: Responding to the client. recordOutputsHash
[NX Daemon Server] - 2025-01-19T01:00:47.101Z - Done responding to the client recordOutputsHash
[NX Daemon Server] - 2025-01-19T01:00:47.101Z - Handled RECORD_OUTPUTS_HASH. Handling time: 2. Response time: 0.
[NX Daemon Server] - 2025-01-19T01:00:47.107Z - [REQUEST]: Responding to the client. handleRecordTaskRuns
[NX Daemon Server] - 2025-01-19T01:00:47.107Z - Done responding to the client handleRecordTaskRuns
[NX Daemon Server] - 2025-01-19T01:00:47.107Z - Handled RECORD_TASK_RUNS. Handling time: 1. Response time: 0.
[NX Daemon Server] - 2025-01-19T01:00:47.108Z - [REQUEST]: Responding to the client. handleGetFlakyTasks
[NX Daemon Server] - 2025-01-19T01:00:47.108Z - Done responding to the client handleGetFlakyTasks
[NX Daemon Server] - 2025-01-19T01:00:47.108Z - Handled GET_FLAKY_TASKS. Handling time: 0. Response time: 0.
[NX Daemon Server] - 2025-01-19T01:00:47.147Z - [WATCHER]: 0 file(s) created or restored, 22 file(s) modified, 0 file(s) deleted
[NX Daemon Server] - 2025-01-19T01:00:47.147Z - [WATCHER]: Processing file changes in outputs
[NX Daemon Server] - 2025-01-19T01:00:47.201Z - Closed a connection. Number of open connections: 0
[NX Daemon Server] - 2025-01-19T01:00:47.496Z - [REQUEST]: Updated workspace context based on watched changes, recomputing project graph...
[NX Daemon Server] - 2025-01-19T01:00:47.496Z - [REQUEST]: packages/cli/dist/index.js,packages/cli/dist/commands/node.command.d.ts,packages/cli/dist/commands/transaction.command.js,packages/cli/dist/services/api.d.ts,packages/cli/dist/commands/mining.command.js,packages/cli/dist/commands/peer.command.js,packages/cli/dist/commands/wallet.commands.d.ts,packages/cli/dist/commands/voting.command.d.ts,packages/cli/dist/commands/transaction.command.d.ts,packages/cli/dist/commands/mempool.command.d.ts,packages/cli/dist/commands/mining.command.d.ts,packages/cli/dist/commands/mempool.command.js,packages/cli/dist/services/api.js,packages/cli/dist/commands/voting.command.js,packages/cli/dist/commands/peer.command.d.ts,packages/cli/dist/commands/blockchain.command.js,packages/cli/dist/index.d.ts,packages/cli/dist/commands/wallet.commands.js,packages/cli/dist/commands/node.command.js,packages/cli/dist/commands/blockchain.command.d.ts,packages/cli/dist/commands/metrics.command.js,packages/cli/dist/commands/metrics.command.d.ts
[NX Daemon Server] - 2025-01-19T01:00:47.496Z - [REQUEST]: 
[NX Daemon Server] - 2025-01-19T01:00:47.499Z - Time taken for 'hash changed files from watcher' 2.0481669999999212ms
[NX Daemon Server] - 2025-01-19T01:00:47.517Z - Time taken for 'build-project-configs' 14.75866700000006ms
[NX Daemon Server] - 2025-01-19T01:00:47.548Z - [SYNC]: collect registered sync generators
[NX Daemon Server] - 2025-01-19T01:00:47.548Z - [SYNC]: project graph hash is the same, not collecting task sync generators
[NX Daemon Server] - 2025-01-19T01:00:47.548Z - [SYNC]: nx.json hash is the same, not collecting global sync generators
[NX Daemon Server] - 2025-01-19T01:00:47.548Z - Time taken for 'total execution time for createProjectGraph()' 28.08270799999991ms
[NX Daemon Server] - 2025-01-19T01:00:56.169Z - [WATCHER]: .gitignore was modified
[NX Daemon Server] - 2025-01-19T01:00:56.169Z - [WATCHER]: Processing file changes in outputs
[NX Daemon Server] - 2025-01-19T01:00:56.169Z - [WATCHER]: Stopping the watcher for /Users/dami/Documents/H3Tag-Core (sources)
[NX Daemon Server] - 2025-01-19T01:00:56.169Z - [WATCHER]: Stopping the watcher for /Users/dami/Documents/H3Tag-Core (outputs)
[NX Daemon Server] - 2025-01-19T01:00:56.171Z - Server stopped because: "Stopping the daemon the set of ignored files changed (native)"
[NX Daemon Server] - 2025-01-19T01:03:32.858Z - Started listening on: /var/folders/fb/46m6psh92tv1vhgn55_0621h0000gn/T/31e2a2b7efc8ed72c7ec/d.sock
[NX Daemon Server] - 2025-01-19T01:03:32.863Z - [WATCHER]: Subscribed to changes within: /Users/dami/Documents/H3Tag-Core (native)
[NX Daemon Server] - 2025-01-19T01:03:32.865Z - Established a connection. Number of open connections: 1
[NX Daemon Server] - 2025-01-19T01:03:32.866Z - Closed a connection. Number of open connections: 0
[NX Daemon Server] - 2025-01-19T01:03:32.881Z - Established a connection. Number of open connections: 1
[NX Daemon Server] - 2025-01-19T01:03:32.882Z - Closed a connection. Number of open connections: 0
[NX Daemon Server] - 2025-01-19T01:03:32.882Z - Established a connection. Number of open connections: 1
[NX Daemon Server] - 2025-01-19T01:03:32.882Z - [REQUEST]: Client Request for Project Graph Received
[NX Daemon Server] - 2025-01-19T01:03:32.886Z - Time taken for 'loadSpecifiedNxPlugins' 0.552958000000018ms
[NX Daemon Server] - 2025-01-19T01:03:33.046Z - Time taken for 'Load Nx Plugin: /Users/dami/Documents/H3Tag-Core/node_modules/nx/src/plugins/package-json' 162.464791ms
[NX Daemon Server] - 2025-01-19T01:03:33.046Z - Time taken for 'Load Nx Plugin: /Users/dami/Documents/H3Tag-Core/node_modules/nx/src/plugins/project-json/build-nodes/project-json' 162.773208ms
[NX Daemon Server] - 2025-01-19T01:03:33.053Z - [REQUEST]: Updated workspace context based on watched changes, recomputing project graph...
[NX Daemon Server] - 2025-01-19T01:03:33.053Z - [REQUEST]: 
[NX Daemon Server] - 2025-01-19T01:03:33.053Z - [REQUEST]: 
[NX Daemon Server] - 2025-01-19T01:03:33.057Z - Time taken for 'loadDefaultNxPlugins' 169.47262500000002ms
[NX Daemon Server] - 2025-01-19T01:03:33.351Z - Time taken for 'build-project-configs' 270.78849999999994ms
[NX Daemon Server] - 2025-01-19T01:03:33.380Z - [SYNC]: collect registered sync generators
[NX Daemon Server] - 2025-01-19T01:03:33.380Z - [REQUEST]: Responding to the client. project-graph
[NX Daemon Server] - 2025-01-19T01:03:33.380Z - Time taken for 'total for creating and serializing project graph' 497.6925ms
[NX Daemon Server] - 2025-01-19T01:03:33.383Z - Done responding to the client project-graph
[NX Daemon Server] - 2025-01-19T01:03:33.383Z - Handled REQUEST_PROJECT_GRAPH. Handling time: 498. Response time: 3.
[NX Daemon Server] - 2025-01-19T01:03:33.387Z - [REQUEST]: Responding to the client. handleContextFileData
[NX Daemon Server] - 2025-01-19T01:03:33.388Z - Done responding to the client handleContextFileData
[NX Daemon Server] - 2025-01-19T01:03:33.388Z - Handled GET_CONTEXT_FILE_DATA. Handling time: 1. Response time: 1.
[NX Daemon Server] - 2025-01-19T01:03:33.389Z - Closed a connection. Number of open connections: 0
[NX Daemon Server] - 2025-01-19T01:03:33.553Z - Established a connection. Number of open connections: 1
[NX Daemon Server] - 2025-01-19T01:03:33.553Z - Established a connection. Number of open connections: 2
[NX Daemon Server] - 2025-01-19T01:03:33.553Z - Closed a connection. Number of open connections: 1
[NX Daemon Server] - 2025-01-19T01:03:33.554Z - [REQUEST]: Client Request for Project Graph Received
[NX Daemon Server] - 2025-01-19T01:03:33.554Z - [REQUEST]: Responding to the client. project-graph
[NX Daemon Server] - 2025-01-19T01:03:33.555Z - Time taken for 'total for creating and serializing project graph' 0.2980840000000171ms
[NX Daemon Server] - 2025-01-19T01:03:33.558Z - Done responding to the client project-graph
[NX Daemon Server] - 2025-01-19T01:03:33.558Z - Handled REQUEST_PROJECT_GRAPH. Handling time: 0. Response time: 4.
[NX Daemon Server] - 2025-01-19T01:03:33.562Z - [REQUEST]: Client Request for Project Graph Received
[NX Daemon Server] - 2025-01-19T01:03:33.562Z - [REQUEST]: Responding to the client. project-graph
[NX Daemon Server] - 2025-01-19T01:03:33.562Z - Time taken for 'total for creating and serializing project graph' 0.1369169999999258ms
[NX Daemon Server] - 2025-01-19T01:03:33.563Z - Done responding to the client project-graph
[NX Daemon Server] - 2025-01-19T01:03:33.563Z - Handled REQUEST_PROJECT_GRAPH. Handling time: 0. Response time: 1.
[NX Daemon Server] - 2025-01-19T01:03:33.565Z - Established a connection. Number of open connections: 2
[NX Daemon Server] - 2025-01-19T01:05:11.233Z - [WATCHER]: Processing file changes in outputs
[NX Daemon Server] - 2025-01-19T01:05:11.242Z - [WATCHER]: README.md was modified
[NX Daemon Server] - 2025-01-19T01:05:11.247Z - [REQUEST]: Responding to the client. File watch changed
[NX Daemon Server] - 2025-01-19T01:05:11.248Z - Done responding to the client File watch changed
[NX Daemon Server] - 2025-01-19T01:05:11.248Z - Handled FILE-WATCH-CHANGED. Handling time: 0. Response time: 1.
[NX Daemon Server] - 2025-01-19T01:05:11.248Z - Time taken for 'changed-projects' 2.749042000010377ms
[NX Daemon Server] - 2025-01-19T01:05:11.347Z - [REQUEST]: Updated workspace context based on watched changes, recomputing project graph...
[NX Daemon Server] - 2025-01-19T01:05:11.347Z - [REQUEST]: README.md
[NX Daemon Server] - 2025-01-19T01:05:11.347Z - [REQUEST]: 
[NX Daemon Server] - 2025-01-19T01:05:11.356Z - Time taken for 'hash changed files from watcher' 1.0080420000012964ms
[NX Daemon Server] - 2025-01-19T01:05:11.380Z - Time taken for 'build-project-configs' 22.51312499999767ms
[NX Daemon Server] - 2025-01-19T01:05:11.406Z - [SYNC]: collect registered sync generators
[NX Daemon Server] - 2025-01-19T01:05:11.406Z - [SYNC]: project graph hash is the same, not collecting task sync generators
[NX Daemon Server] - 2025-01-19T01:05:11.406Z - [SYNC]: nx.json hash is the same, not collecting global sync generators
[NX Daemon Server] - 2025-01-19T01:05:11.406Z - Time taken for 'total execution time for createProjectGraph()' 25.37858299999789ms
[NX Daemon Server] - 2025-01-19T01:05:12.261Z - Established a connection. Number of open connections: 3
[NX Daemon Server] - 2025-01-19T01:05:12.262Z - [REQUEST]: Client Request for Project Graph Received
[NX Daemon Server] - 2025-01-19T01:05:12.263Z - [REQUEST]: Responding to the client. project-graph
[NX Daemon Server] - 2025-01-19T01:05:12.264Z - Time taken for 'total for creating and serializing project graph' 0.32691700001305435ms
[NX Daemon Server] - 2025-01-19T01:05:12.264Z - Closed a connection. Number of open connections: 2
[NX Daemon Server] - 2025-01-19T01:05:12.268Z - Done responding to the client project-graph
[NX Daemon Server] - 2025-01-19T01:05:12.268Z - Handled REQUEST_PROJECT_GRAPH. Handling time: 1. Response time: 5.
[NX Daemon Server] - 2025-01-19T01:05:12.278Z - [REQUEST]: Responding to the client. handleContextFileData
[NX Daemon Server] - 2025-01-19T01:05:12.278Z - Done responding to the client handleContextFileData
[NX Daemon Server] - 2025-01-19T01:05:12.278Z - Handled GET_CONTEXT_FILE_DATA. Handling time: 1. Response time: 0.
[NX Daemon Server] - 2025-01-19T01:05:12.279Z - Closed a connection. Number of open connections: 1
[NX Daemon Server] - 2025-01-19T01:05:12.328Z - Closed a connection. Number of open connections: 0
[NX Daemon Server] - 2025-01-19T01:05:12.330Z - Established a connection. Number of open connections: 1
[NX Daemon Server] - 2025-01-19T01:05:12.330Z - Established a connection. Number of open connections: 2
[NX Daemon Server] - 2025-01-19T01:05:12.330Z - Closed a connection. Number of open connections: 1
[NX Daemon Server] - 2025-01-19T01:05:12.330Z - [REQUEST]: Client Request for Project Graph Received
[NX Daemon Server] - 2025-01-19T01:05:12.330Z - [REQUEST]: Responding to the client. project-graph
[NX Daemon Server] - 2025-01-19T01:05:12.331Z - Time taken for 'total for creating and serializing project graph' 0.09991600000648759ms
[NX Daemon Server] - 2025-01-19T01:05:12.335Z - Done responding to the client project-graph
[NX Daemon Server] - 2025-01-19T01:05:12.335Z - Handled REQUEST_PROJECT_GRAPH. Handling time: 0. Response time: 5.
[NX Daemon Server] - 2025-01-19T01:05:12.337Z - [REQUEST]: Client Request for Project Graph Received
[NX Daemon Server] - 2025-01-19T01:05:12.337Z - [REQUEST]: Responding to the client. project-graph
[NX Daemon Server] - 2025-01-19T01:05:12.337Z - Time taken for 'total for creating and serializing project graph' 0.09245899999223184ms
[NX Daemon Server] - 2025-01-19T01:05:12.339Z - Done responding to the client project-graph
[NX Daemon Server] - 2025-01-19T01:05:12.339Z - Handled REQUEST_PROJECT_GRAPH. Handling time: 0. Response time: 2.
[NX Daemon Server] - 2025-01-19T01:05:12.342Z - Established a connection. Number of open connections: 2
